<?xml version="1.0" encoding="UTF-8"?>
<!-- Generated by org.testng.reporters.JUnitReportReporter -->
<testsuite hostname="SupriyaYadav" failures="0" tests="2" name="TestCases.TestNGAnnotations" time="0.017" errors="0" timestamp="2022-06-23T09:21:06 IST" skipped="0">
  <testcase classname="TestCases.TestNGAnnotations" name="TestCase2" time="0.012"/>
  <system-out/>
  <testcase classname="TestCases.TestNGAnnotations" name="TestCase1" time="0.005"/>
  <system-out/>
</testsuite> <!-- TestCases.TestNGAnnotations -->
