<?xml version="1.0" encoding="UTF-8"?>
<!-- Generated by org.testng.reporters.JUnitReportReporter -->
<testsuite hostname="SupriyaYadav" failures="0" tests="1" name="TestCases.SimpleTestCase" time="0.014" errors="0" timestamp="2022-06-23T09:21:06 IST" skipped="0">
  <testcase classname="TestCases.SimpleTestCase" name="TestCase1" time="0.014"/>
  <system-out/>
</testsuite> <!-- TestCases.SimpleTestCase -->
